#
# There is insufficient memory for the Java Runtime Environment to continue.
# Native memory allocation (malloc) failed to allocate 1585616 bytes for Chunk::new
# Possible reasons:
#   The system is out of physical RAM or swap space
#   In 32 bit mode, the process size limit was hit
# Possible solutions:
#   Reduce memory load on the system
#   Increase physical memory or swap space
#   Check if swap backing store is full
#   Use 64 bit Java on a 64 bit OS
#   Decrease Java heap size (-Xmx/-Xms)
#   Decrease number of Java threads
#   Decrease Java thread stack sizes (-Xss)
#   Set larger code cache with -XX:ReservedCodeCacheSize=
# This output file may be truncated or incomplete.
#
#  Out of Memory Error (allocation.cpp:390), pid=9232, tid=0x000000000000185c
#
# JRE version: Java(TM) SE Runtime Environment (8.0_144-b01) (build 1.8.0_144-b01)
# Java VM: Java HotSpot(TM) 64-Bit Server VM (25.144-b01 mixed mode windows-amd64 compressed oops)
# Failed to write core dump. Minidumps are not enabled by default on client versions of Windows
#

---------------  T H R E A D  ---------------

Current thread (0x0000000016dbf000):  JavaThread "C2 CompilerThread0" daemon [_thread_in_native, id=6236, stack(0x0000000018510000,0x0000000018610000)]

Stack: [0x0000000018510000,0x0000000018610000]
[error occurred during error reporting (printing stack bounds), id 0xc0000005]

Native frames: (J=compiled Java code, j=interpreted, Vv=VM code, C=native code)


Current CompileTask:
C2:   6649 2577       4       org.apache.tools.ant.util.FileUtils::normalize (181 bytes)


---------------  P R O C E S S  ---------------

Java Threads: ( => current thread )
  0x0000000016e1d000 JavaThread "Service Thread" daemon [_thread_blocked, id=9716, stack(0x0000000018c10000,0x0000000018d10000)]
  0x0000000016de6800 JavaThread "C1 CompilerThread2" daemon [_thread_blocked, id=8176, stack(0x0000000018710000,0x0000000018810000)]
  0x0000000016dca000 JavaThread "C2 CompilerThread1" daemon [_thread_in_native, id=4756, stack(0x0000000018610000,0x0000000018710000)]
=>0x0000000016dbf000 JavaThread "C2 CompilerThread0" daemon [_thread_in_native, id=6236, stack(0x0000000018510000,0x0000000018610000)]
  0x0000000016dbe000 JavaThread "Attach Listener" daemon [_thread_blocked, id=12000, stack(0x0000000018410000,0x0000000018510000)]
  0x0000000016dbc800 JavaThread "Signal Dispatcher" daemon [_thread_blocked, id=10456, stack(0x0000000018310000,0x0000000018410000)]
  0x0000000016daa800 JavaThread "Finalizer" daemon [_thread_blocked, id=1104, stack(0x0000000018020000,0x0000000018120000)]
  0x0000000004812800 JavaThread "Reference Handler" daemon [_thread_blocked, id=2884, stack(0x0000000017f20000,0x0000000018020000)]
  0x0000000004723800 JavaThread "main" [_thread_in_native, id=1396, stack(0x0000000004620000,0x0000000004720000)]

Other Threads:
  0x0000000016d86800 VMThread [stack: 0x0000000017e20000,0x0000000017f20000] [id=9824]
  0x0000000018825800 WatcherThread [stack: 0x0000000018d10000,0x0000000018e10000] [id=2880]

VM state:not at safepoint (normal execution)

VM Mutex/Monitor currently owned by a thread: None

Heap:
 PSYoungGen      total 34304K, used 13398K [0x00000000eb580000, 0x00000000f0480000, 0x0000000100000000)
  eden space 31744K, 34% used [0x00000000eb580000,0x00000000ec017a60,0x00000000ed480000)
  from space 2560K, 99% used [0x00000000ed480000,0x00000000ed6fde38,0x00000000ed700000)
  to   space 8704K, 0% used [0x00000000efc00000,0x00000000efc00000,0x00000000f0480000)
 ParOldGen       total 42496K, used 14417K [0x00000000c2000000, 0x00000000c4980000, 0x00000000eb580000)
  object space 42496K, 33% used [0x00000000c2000000,0x00000000c2e145e0,0x00000000c4980000)
 Metaspace       used 16185K, capacity 16520K, committed 16768K, reserved 1064960K
  class space    used 1773K, capacity 1880K, committed 1920K, reserved 1048576K

Card table byte_map: [0x0000000013be0000,0x0000000013de0000] byte_map_base: 0x00000000135d0000

Marking Bits: (ParMarkBitMap*) 0x0000000071abd850
 Begin Bits: [0x0000000014330000, 0x00000000152b0000)
 End Bits:   [0x00000000152b0000, 0x0000000016230000)

Polling page: 0x00000000005f0000

CodeCache: size=245760Kb used=10161Kb max_used=10172Kb free=235598Kb
 bounds [0x0000000004820000, 0x0000000005220000, 0x0000000013820000]
 total_blobs=3081 nmethods=2716 adapters=276
 compilation: enabled

Compilation events (10 events):
Event: 6.551 Thread 0x0000000016de6800 nmethod 2713 0x00000000051f3050 code [0x00000000051f31a0, 0x00000000051f32d0]
Event: 6.551 Thread 0x0000000016de6800 2715       3       org.apache.tools.zip.ZipOutputStream::getGeneralPurposeBits (43 bytes)
Event: 6.551 Thread 0x0000000016de6800 nmethod 2715 0x0000000005201750 code [0x00000000052018e0, 0x0000000005201ed0]
Event: 6.551 Thread 0x0000000016de6800 2716       3       org.apache.tools.zip.GeneralPurposeBit::encode (61 bytes)
Event: 6.552 Thread 0x0000000016de6800 nmethod 2716 0x00000000052119d0 code [0x0000000005211b40, 0x0000000005211eb0]
Event: 6.552 Thread 0x0000000016de6800 2717       3       org.apache.tools.zip.ZipUtil::toDosTime (108 bytes)
Event: 6.553 Thread 0x0000000016de6800 nmethod 2717 0x0000000005212010 code [0x0000000005212280, 0x00000000052135a8]
Event: 6.574 Thread 0x0000000016dca000 2718       4       java.util.zip.Inflater::ensureOpen (47 bytes)
Event: 6.575 Thread 0x0000000016dca000 nmethod 2718 0x0000000005200e50 code [0x0000000005200f80, 0x0000000005201018]
Event: 6.592 Thread 0x0000000016dca000 2719       4       java.util.GregorianCalendar::computeFields (1571 bytes)

GC Heap History (10 events):
Event: 0.866 GC heap before
{Heap before GC invocations=1 (full 0):
 PSYoungGen      total 18432K, used 15872K [0x00000000eb580000, 0x00000000eca00000, 0x0000000100000000)
  eden space 15872K, 100% used [0x00000000eb580000,0x00000000ec500000,0x00000000ec500000)
  from space 2560K, 0% used [0x00000000ec780000,0x00000000ec780000,0x00000000eca00000)
  to   space 2560K, 0% used [0x00000000ec500000,0x00000000ec500000,0x00000000ec780000)
 ParOldGen       total 42496K, used 0K [0x00000000c2000000, 0x00000000c4980000, 0x00000000eb580000)
  object space 42496K, 0% used [0x00000000c2000000,0x00000000c2000000,0x00000000c4980000)
 Metaspace       used 6767K, capacity 6858K, committed 6912K, reserved 1056768K
  class space    used 725K, capacity 753K, committed 768K, reserved 1048576K
Event: 0.874 GC heap after
Heap after GC invocations=1 (full 0):
 PSYoungGen      total 18432K, used 2528K [0x00000000eb580000, 0x00000000eca00000, 0x0000000100000000)
  eden space 15872K, 0% used [0x00000000eb580000,0x00000000eb580000,0x00000000ec500000)
  from space 2560K, 98% used [0x00000000ec500000,0x00000000ec778040,0x00000000ec780000)
  to   space 2560K, 0% used [0x00000000ec780000,0x00000000ec780000,0x00000000eca00000)
 ParOldGen       total 42496K, used 1137K [0x00000000c2000000, 0x00000000c4980000, 0x00000000eb580000)
  object space 42496K, 2% used [0x00000000c2000000,0x00000000c211c518,0x00000000c4980000)
 Metaspace       used 6767K, capacity 6858K, committed 6912K, reserved 1056768K
  class space    used 725K, capacity 753K, committed 768K, reserved 1048576K
}
Event: 1.503 GC heap before
{Heap before GC invocations=2 (full 0):
 PSYoungGen      total 18432K, used 18400K [0x00000000eb580000, 0x00000000eca00000, 0x0000000100000000)
  eden space 15872K, 100% used [0x00000000eb580000,0x00000000ec500000,0x00000000ec500000)
  from space 2560K, 98% used [0x00000000ec500000,0x00000000ec778040,0x00000000ec780000)
  to   space 2560K, 0% used [0x00000000ec780000,0x00000000ec780000,0x00000000eca00000)
 ParOldGen       total 42496K, used 1137K [0x00000000c2000000, 0x00000000c4980000, 0x00000000eb580000)
  object space 42496K, 2% used [0x00000000c2000000,0x00000000c211c518,0x00000000c4980000)
 Metaspace       used 8839K, capacity 9112K, committed 9216K, reserved 1056768K
  class space    used 941K, capacity 1010K, committed 1024K, reserved 1048576K
Event: 1.512 GC heap after
Heap after GC invocations=2 (full 0):
 PSYoungGen      total 18432K, used 2544K [0x00000000eb580000, 0x00000000ed980000, 0x0000000100000000)
  eden space 15872K, 0% used [0x00000000eb580000,0x00000000eb580000,0x00000000ec500000)
  from space 2560K, 99% used [0x00000000ec780000,0x00000000ec9fc030,0x00000000eca00000)
  to   space 2560K, 0% used [0x00000000ec500000,0x00000000ec500000,0x00000000ec780000)
 ParOldGen       total 42496K, used 3902K [0x00000000c2000000, 0x00000000c4980000, 0x00000000eb580000)
  object space 42496K, 9% used [0x00000000c2000000,0x00000000c23cfa10,0x00000000c4980000)
 Metaspace       used 8839K, capacity 9112K, committed 9216K, reserved 1056768K
  class space    used 941K, capacity 1010K, committed 1024K, reserved 1048576K
}
Event: 2.085 GC heap before
{Heap before GC invocations=3 (full 0):
 PSYoungGen      total 18432K, used 18416K [0x00000000eb580000, 0x00000000ed980000, 0x0000000100000000)
  eden space 15872K, 100% used [0x00000000eb580000,0x00000000ec500000,0x00000000ec500000)
  from space 2560K, 99% used [0x00000000ec780000,0x00000000ec9fc030,0x00000000eca00000)
  to   space 2560K, 0% used [0x00000000ec500000,0x00000000ec500000,0x00000000ec780000)
 ParOldGen       total 42496K, used 3902K [0x00000000c2000000, 0x00000000c4980000, 0x00000000eb580000)
  object space 42496K, 9% used [0x00000000c2000000,0x00000000c23cfa10,0x00000000c4980000)
 Metaspace       used 11889K, capacity 12130K, committed 12288K, reserved 1060864K
  class space    used 1386K, capacity 1463K, committed 1536K, reserved 1048576K
Event: 2.091 GC heap after
Heap after GC invocations=3 (full 0):
 PSYoungGen      total 18432K, used 2544K [0x00000000eb580000, 0x00000000ed980000, 0x0000000100000000)
  eden space 15872K, 0% used [0x00000000eb580000,0x00000000eb580000,0x00000000ec500000)
  from space 2560K, 99% used [0x00000000ec500000,0x00000000ec77c010,0x00000000ec780000)
  to   space 2560K, 0% used [0x00000000ed700000,0x00000000ed700000,0x00000000ed980000)
 ParOldGen       total 42496K, used 5310K [0x00000000c2000000, 0x00000000c4980000, 0x00000000eb580000)
  object space 42496K, 12% used [0x00000000c2000000,0x00000000c252fb88,0x00000000c4980000)
 Metaspace       used 11889K, capacity 12130K, committed 12288K, reserved 1060864K
  class space    used 1386K, capacity 1463K, committed 1536K, reserved 1048576K
}
Event: 2.551 GC heap before
{Heap before GC invocations=4 (full 0):
 PSYoungGen      total 18432K, used 18416K [0x00000000eb580000, 0x00000000ed980000, 0x0000000100000000)
  eden space 15872K, 100% used [0x00000000eb580000,0x00000000ec500000,0x00000000ec500000)
  from space 2560K, 99% used [0x00000000ec500000,0x00000000ec77c010,0x00000000ec780000)
  to   space 2560K, 0% used [0x00000000ed700000,0x00000000ed700000,0x00000000ed980000)
 ParOldGen       total 42496K, used 5310K [0x00000000c2000000, 0x00000000c4980000, 0x00000000eb580000)
  object space 42496K, 12% used [0x00000000c2000000,0x00000000c252fb88,0x00000000c4980000)
 Metaspace       used 13731K, capacity 13986K, committed 14208K, reserved 1062912K
  class space    used 1581K, capacity 1655K, committed 1664K, reserved 1048576K
Event: 2.569 GC heap after
Heap after GC invocations=4 (full 0):
 PSYoungGen      total 34304K, used 2551K [0x00000000eb580000, 0x00000000ed980000, 0x0000000100000000)
  eden space 31744K, 0% used [0x00000000eb580000,0x00000000eb580000,0x00000000ed480000)
  from space 2560K, 99% used [0x00000000ed700000,0x00000000ed97de38,0x00000000ed980000)
  to   space 2560K, 0% used [0x00000000ed480000,0x00000000ed480000,0x00000000ed700000)
 ParOldGen       total 42496K, used 10568K [0x00000000c2000000, 0x00000000c4980000, 0x00000000eb580000)
  object space 42496K, 24% used [0x00000000c2000000,0x00000000c2a52170,0x00000000c4980000)
 Metaspace       used 13731K, capacity 13986K, committed 14208K, reserved 1062912K
  class space    used 1581K, capacity 1655K, committed 1664K, reserved 1048576K
}
Event: 6.008 GC heap before
{Heap before GC invocations=5 (full 0):
 PSYoungGen      total 34304K, used 34295K [0x00000000eb580000, 0x00000000ed980000, 0x0000000100000000)
  eden space 31744K, 100% used [0x00000000eb580000,0x00000000ed480000,0x00000000ed480000)
  from space 2560K, 99% used [0x00000000ed700000,0x00000000ed97de38,0x00000000ed980000)
  to   space 2560K, 0% used [0x00000000ed480000,0x00000000ed480000,0x00000000ed700000)
 ParOldGen       total 42496K, used 10568K [0x00000000c2000000, 0x00000000c4980000, 0x00000000eb580000)
  object space 42496K, 24% used [0x00000000c2000000,0x00000000c2a52170,0x00000000c4980000)
 Metaspace       used 16078K, capacity 16296K, committed 16512K, reserved 1064960K
  class space    used 1770K, capacity 1848K, committed 1920K, reserved 1048576K
Event: 6.039 GC heap after
Heap after GC invocations=5 (full 0):
 PSYoungGen      total 34304K, used 2551K [0x00000000eb580000, 0x00000000f0480000, 0x0000000100000000)
  eden space 31744K, 0% used [0x00000000eb580000,0x00000000eb580000,0x00000000ed480000)
  from space 2560K, 99% used [0x00000000ed480000,0x00000000ed6fde38,0x00000000ed700000)
  to   space 8704K, 0% used [0x00000000efc00000,0x00000000efc00000,0x00000000f0480000)
 ParOldGen       total 42496K, used 14417K [0x00000000c2000000, 0x00000000c4980000, 0x00000000eb580000)
  object space 42496K, 33% used [0x00000000c2000000,0x00000000c2e145e0,0x00000000c4980000)
 Metaspace       used 16078K, capacity 16296K, committed 16512K, reserved 1064960K
  class space    used 1770K, capacity 1848K, committed 1920K, reserved 1048576K
}

Deoptimization events (10 events):
Event: 3.069 Thread 0x0000000004723800 Uncommon trap: reason=class_check action=maybe_recompile pc=0x0000000004c863e8 method=java.util.HashMap.putVal(ILjava/lang/Object;Ljava/lang/Object;ZZ)Ljava/lang/Object; @ 253
Event: 3.077 Thread 0x0000000004723800 Uncommon trap: reason=class_check action=maybe_recompile pc=0x0000000004c795a4 method=java.util.HashMap.putVal(ILjava/lang/Object;Ljava/lang/Object;ZZ)Ljava/lang/Object; @ 253
Event: 3.713 Thread 0x0000000004723800 Uncommon trap: reason=unstable_if action=reinterpret pc=0x0000000004a548c4 method=java.util.HashMap.hash(Ljava/lang/Object;)I @ 1
Event: 3.713 Thread 0x0000000004723800 Uncommon trap: reason=unstable_if action=reinterpret pc=0x000000000498ebe8 method=java.util.HashMap.hash(Ljava/lang/Object;)I @ 1
Event: 4.008 Thread 0x0000000004723800 Uncommon trap: reason=unstable_if action=reinterpret pc=0x00000000050a8940 method=java.util.HashMap.getNode(ILjava/lang/Object;)Ljava/util/HashMap$Node; @ 62
Event: 4.008 Thread 0x0000000004723800 Uncommon trap: reason=unstable_if action=reinterpret pc=0x0000000004e83364 method=java.util.HashMap.putVal(ILjava/lang/Object;Ljava/lang/Object;ZZ)Ljava/lang/Object; @ 94
Event: 4.177 Thread 0x0000000004723800 Uncommon trap: reason=unstable_if action=reinterpret pc=0x0000000004fe5bf4 method=java.util.ArrayList.toArray([Ljava/lang/Object;)[Ljava/lang/Object; @ 6
Event: 5.799 Thread 0x0000000004723800 Uncommon trap: reason=unstable_if action=reinterpret pc=0x0000000004ad3930 method=java.util.Date.normalize()Lsun/util/calendar/BaseCalendar$Date; @ 45
Event: 6.118 Thread 0x0000000004723800 Uncommon trap: reason=unstable_if action=reinterpret pc=0x0000000004dad0e8 method=java.lang.String.lastIndexOf([CII[CIII)I @ 17
Event: 6.599 Thread 0x0000000004723800 Uncommon trap: reason=unstable_if action=reinterpret pc=0x00000000051b5420 method=sun.util.calendar.BaseCalendar$Date.hit(J)Z @ 6

Internal exceptions (10 events):
Event: 1.445 Thread 0x0000000004723800 Exception <a 'java/lang/ClassNotFoundException': sun/net/www/protocol/c/Handler> (0x00000000ec16c280) thrown at [C:\re\workspace\8-2-build-windows-amd64-cygwin\jdk8u144\9417\hotspot\src\share\vm\classfile\systemDictionary.cpp, line 210]
Event: 1.447 Thread 0x0000000004723800 Exception <a 'java/lang/ClassNotFoundException': org/apache/tools/ant/AntClassLoader> (0x00000000ec1722f0) thrown at [C:\re\workspace\8-2-build-windows-amd64-cygwin\jdk8u144\9417\hotspot\src\share\vm\classfile\systemDictionary.cpp, line 210]
Event: 1.447 Thread 0x0000000004723800 Exception <a 'java/lang/ClassNotFoundException': org/apache/tools/ant/AntClassLoader> (0x00000000ec177728) thrown at [C:\re\workspace\8-2-build-windows-amd64-cygwin\jdk8u144\9417\hotspot\src\share\vm\classfile\systemDictionary.cpp, line 210]
Event: 1.447 Thread 0x0000000004723800 Exception <a 'java/lang/ClassNotFoundException': org/apache/tools/ant/AntClassLoader> (0x00000000ec177eb8) thrown at [C:\re\workspace\8-2-build-windows-amd64-cygwin\jdk8u144\9417\hotspot\src\share\vm\classfile\systemDictionary.cpp, line 210]
Event: 1.447 Thread 0x0000000004723800 Exception <a 'java/lang/ClassNotFoundException': org/apache/tools/ant/AntClassLoader> (0x00000000ec179600) thrown at [C:\re\workspace\8-2-build-windows-amd64-cygwin\jdk8u144\9417\hotspot\src\share\vm\classfile\systemDictionary.cpp, line 210]
Event: 1.544 Thread 0x0000000004723800 Exception <a 'java/io/FileNotFoundException'> (0x00000000eb614c88) thrown at [C:\re\workspace\8-2-build-windows-amd64-cygwin\jdk8u144\9417\hotspot\src\share\vm\prims\jni.cpp, line 709]
Event: 2.532 Thread 0x0000000004723800 Exception <a 'java/io/FileNotFoundException'> (0x00000000ec2df6b8) thrown at [C:\re\workspace\8-2-build-windows-amd64-cygwin\jdk8u144\9417\hotspot\src\share\vm\prims\jni.cpp, line 709]
Event: 2.535 Thread 0x0000000004723800 Exception <a 'java/io/FileNotFoundException'> (0x00000000ec339b40) thrown at [C:\re\workspace\8-2-build-windows-amd64-cygwin\jdk8u144\9417\hotspot\src\share\vm\prims\jni.cpp, line 709]
Event: 3.713 Thread 0x0000000004723800 Implicit null exception at 0x0000000004a54695 to 0x0000000004a548b5
Event: 3.713 Thread 0x0000000004723800 Implicit null exception at 0x000000000498eb6f to 0x000000000498ebd9

Events (10 events):
Event: 6.093 loading class org/apache/tools/zip/ZipOutputStream$CurrentEntry
Event: 6.093 loading class org/apache/tools/zip/ZipOutputStream$CurrentEntry done
Event: 6.095 loading class java/lang/Long$LongCache
Event: 6.095 loading class java/lang/Long$LongCache done
Event: 6.118 Thread 0x0000000004723800 Uncommon trap: trap_request=0xffffff65 fr.pc=0x0000000004dad0e8
Event: 6.118 Thread 0x0000000004723800 DEOPT PACKING pc=0x0000000004dad0e8 sp=0x000000000471e6b0
Event: 6.118 Thread 0x0000000004723800 DEOPT UNPACKING pc=0x000000000486582a sp=0x000000000471e5f8 mode 2
Event: 6.599 Thread 0x0000000004723800 Uncommon trap: trap_request=0xffffff65 fr.pc=0x00000000051b5420
Event: 6.599 Thread 0x0000000004723800 DEOPT PACKING pc=0x00000000051b5420 sp=0x000000000471def0
Event: 6.599 Thread 0x0000000004723800 DEOPT UNPACKING pc=0x000000000486582a sp=0x000000000471ddc8 mode 2


Dynamic libraries:
0x00007ff737570000 - 0x00007ff7375a7000 	C:\Program Files\Java\jdk1.8.0_144\bin\javaw.exe
0x00007fff45c70000 - 0x00007fff45e50000 	C:\WINDOWS\SYSTEM32\ntdll.dll
0x00007fff435e0000 - 0x00007fff4368e000 	C:\WINDOWS\System32\KERNEL32.DLL
0x00007fff42460000 - 0x00007fff426c6000 	C:\WINDOWS\System32\KERNELBASE.dll
0x00007fff44e60000 - 0x00007fff44f01000 	C:\WINDOWS\System32\ADVAPI32.dll
0x00007fff438c0000 - 0x00007fff4395d000 	C:\WINDOWS\System32\msvcrt.dll
0x00007fff44f10000 - 0x00007fff44f6b000 	C:\WINDOWS\System32\sechost.dll
0x00007fff43690000 - 0x00007fff437af000 	C:\WINDOWS\System32\RPCRT4.dll
0x00007fff43450000 - 0x00007fff435df000 	C:\WINDOWS\System32\USER32.dll
0x00007fff420d0000 - 0x00007fff420f0000 	C:\WINDOWS\System32\win32u.dll
0x00007fff453d0000 - 0x00007fff453f8000 	C:\WINDOWS\System32\GDI32.dll
0x00007fff422c0000 - 0x00007fff42453000 	C:\WINDOWS\System32\gdi32full.dll
0x00007fff428a0000 - 0x00007fff4293b000 	C:\WINDOWS\System32\msvcp_win.dll
0x00007fff421c0000 - 0x00007fff422b6000 	C:\WINDOWS\System32\ucrtbase.dll
0x00007fff2e690000 - 0x00007fff2e8f9000 	C:\WINDOWS\WinSxS\amd64_microsoft.windows.common-controls_6595b64144ccf1df_6.0.16299.309_none_15cfd4c4935e6b11\COMCTL32.dll
0x00007fff43140000 - 0x00007fff43448000 	C:\WINDOWS\System32\combase.dll
0x00007fff420f0000 - 0x00007fff42162000 	C:\WINDOWS\System32\bcryptPrimitives.dll
0x00007fff45c10000 - 0x00007fff45c3d000 	C:\WINDOWS\System32\IMM32.DLL
0x0000000071b40000 - 0x0000000071c12000 	C:\Program Files\Java\jdk1.8.0_144\jre\bin\msvcr100.dll
0x00000000712a0000 - 0x0000000071b3d000 	C:\Program Files\Java\jdk1.8.0_144\jre\bin\server\jvm.dll
0x00007fff45be0000 - 0x00007fff45be8000 	C:\WINDOWS\System32\PSAPI.DLL
0x00007fff3ed40000 - 0x00007fff3ed49000 	C:\WINDOWS\SYSTEM32\WSOCK32.dll
0x00007fff3fe30000 - 0x00007fff3fe53000 	C:\WINDOWS\SYSTEM32\WINMM.dll
0x00007fff37290000 - 0x00007fff3729a000 	C:\WINDOWS\SYSTEM32\VERSION.dll
0x00007fff452d0000 - 0x00007fff4533c000 	C:\WINDOWS\System32\WS2_32.dll
0x00007fff3fdd0000 - 0x00007fff3fdfa000 	C:\WINDOWS\SYSTEM32\WINMMBASE.dll
0x00007fff42170000 - 0x00007fff421ba000 	C:\WINDOWS\System32\cfgmgr32.dll
0x0000000073740000 - 0x000000007374f000 	C:\Program Files\Java\jdk1.8.0_144\jre\bin\verify.dll
0x0000000071270000 - 0x0000000071299000 	C:\Program Files\Java\jdk1.8.0_144\jre\bin\java.dll
0x0000000071250000 - 0x0000000071266000 	C:\Program Files\Java\jdk1.8.0_144\jre\bin\zip.dll
0x00007fff43a20000 - 0x00007fff44e56000 	C:\WINDOWS\System32\SHELL32.dll
0x00007fff437b0000 - 0x00007fff43856000 	C:\WINDOWS\System32\shcore.dll
0x00007fff429f0000 - 0x00007fff43137000 	C:\WINDOWS\System32\windows.storage.dll
0x00007fff43960000 - 0x00007fff439b1000 	C:\WINDOWS\System32\shlwapi.dll
0x00007fff42050000 - 0x00007fff42061000 	C:\WINDOWS\System32\kernel.appcore.dll
0x00007fff42000000 - 0x00007fff4204c000 	C:\WINDOWS\System32\powrprof.dll
0x00007fff41fc0000 - 0x00007fff41fdb000 	C:\WINDOWS\System32\profapi.dll
0x0000000071230000 - 0x000000007124a000 	C:\Program Files\Java\jdk1.8.0_144\jre\bin\net.dll
0x00007fff41850000 - 0x00007fff418b6000 	C:\WINDOWS\system32\mswsock.dll
0x0000000071210000 - 0x0000000071221000 	C:\Program Files\Java\jdk1.8.0_144\jre\bin\nio.dll

VM Arguments:
jvm_args: -Dant.home=C:\Users\Programming\.p2\pool\plugins\org.apache.ant_1.10.1.v20170504-0840 -Dant.library.dir=C:\Users\Programming\.p2\pool\plugins\org.apache.ant_1.10.1.v20170504-0840\lib -Djava.library.path=C:\Users\Programming\eclipse\java-oxygen\eclipse;C:\WINDOWS\Sun\Java\bin;C:\WINDOWS\system32;C:\WINDOWS;C:/Program Files/Java/jre1.8.0_144/bin/server;C:/Program Files/Java/jre1.8.0_144/bin;C:/Program Files/Java/jre1.8.0_144/lib/amd64;C:\Program Files (x86)\Intel\iCLS Client\;C:\Program Files\Intel\iCLS Client\;C:\WINDOWS\system32;C:\WINDOWS;C:\WINDOWS\System32\Wbem;C:\WINDOWS\System32\WindowsPowerShell\v1.0\;C:\Program Files (x86)\Intel\Intel(R) Management Engine Components\DAL;C:\Program Files\Intel\Intel(R) Management Engine Components\DAL;C:\Program Files (x86)\Intel\Intel(R) Management Engine Components\IPT;C:\Program Files\Intel\Intel(R) Management Engine Components\IPT;C:\Program Files\TortoiseSVN\bin;C:\Users\Programming\AppData\Local\Microsoft\WindowsApps;;C:\WINDOWS\System32;;.;C:\Users\Programming\eclipse\java-oxygen\eclipse\configuration\org.eclipse.osgi\983\0\.cp -Dfile.encoding=UTF-8 
java_command: org.eclipse.ant.internal.launching.remote.InternalAntRunner -Dorg.eclipse.ant.core.ANT_PROCESS_ID=1524175584506 -Declipse.connect.port=57797 -Dant.home=C:\Users\Programming\.p2\pool\plugins\org.apache.ant_1.10.1.v20170504-0840 -logger org.eclipse.ant.internal.launching.remote.logger.RemoteAntBuildLogger -inputhandler org.eclipse.ant.internal.ui.antsupport.inputhandler.ProxyInputHandler -buildfile C:\Users\Programming\Desktop\2637repositoryClone\Team-2637-Power-Up\Team-2637-PowerUp\build.xml
java_class_path (initial): C:\Program Files\Java\jdk1.8.0_144\jre\lib\resources.jar;C:\Program Files\Java\jdk1.8.0_144\jre\lib\rt.jar;C:\Program Files\Java\jdk1.8.0_144\jre\lib\jsse.jar;C:\Program Files\Java\jdk1.8.0_144\jre\lib\jce.jar;C:\Program Files\Java\jdk1.8.0_144\jre\lib\charsets.jar;C:\Program Files\Java\jdk1.8.0_144\jre\lib\jfr.jar;C:\Program Files\Java\jdk1.8.0_144\jre\lib\ext\access-bridge-64.jar;C:\Program Files\Java\jdk1.8.0_144\jre\lib\ext\cldrdata.jar;C:\Program Files\Java\jdk1.8.0_144\jre\lib\ext\dnsns.jar;C:\Program Files\Java\jdk1.8.0_144\jre\lib\ext\jaccess.jar;C:\Program Files\Java\jdk1.8.0_144\jre\lib\ext\jfxrt.jar;C:\Program Files\Java\jdk1.8.0_144\jre\lib\ext\localedata.jar;C:\Program Files\Java\jdk1.8.0_144\jre\lib\ext\nashorn.jar;C:\Program Files\Java\jdk1.8.0_144\jre\lib\ext\sunec.jar;C:\Program Files\Java\jdk1.8.0_144\jre\lib\ext\sunjce_provider.jar;C:\Program Files\Java\jdk1.8.0_144\jre\lib\ext\sunmscapi.jar;C:\Program Files\Java\jdk1.8.0_144\jre\lib\ext\sunpkcs11.jar;C:\Program Files\Java\jdk1.8.0_144\jre\lib\ext\zipfs.jar;C:\Users\Programming\.p2\pool\plugins\org.apache.ant_1.10.1.v20170504-0840\lib\ant-antlr.jar;C:\Users\Programming\.p2\pool\plugins\org.apache.ant_1.10.1.v20170504-0840\lib\ant-apache-bcel.jar;C:\Users\Programming\.p2\pool\plugins\org.apache.ant_1.10.1.v20170504-0840\lib\ant-apache-bsf.jar;C:\Users\Programming\.p2\pool\plugins\org.apache.ant_1.10.1.v20170504-0840\lib\ant-apache-log4j.jar;C:\Users\Programming\.p2\pool\plugins\org.apache.ant_1.10.1.v20170504-0840\lib\ant-apache-oro.jar;C:\Users\Programming\.p2\pool\plugins\org.apache.ant_1.10.1.v20170504-0840\lib\ant-apache-regexp.jar;C:\Users\Programming\.p2\pool\plugins\org.apache.ant_1.10.1.v20170504-0840\lib\ant-apache-resolver.jar;C:\Users\Programming\.p2\pool\plugins\org.apache.ant_1.10.1.v20170504-0840\lib\ant-apache-xalan2.jar;C:\Users\Programming\.p2\pool\plugins\org.apache.ant_1.10.1.v20170504-0840\lib\ant-commons-logging.jar;C:\Users\Programming\.p2\pool\plu
Launcher Type: SUN_STANDARD

Environment Variables:
PATH=C:/Program Files/Java/jre1.8.0_144/bin/server;C:/Program Files/Java/jre1.8.0_144/bin;C:/Program Files/Java/jre1.8.0_144/lib/amd64;C:\Program Files (x86)\Intel\iCLS Client\;C:\Program Files\Intel\iCLS Client\;C:\WINDOWS\system32;C:\WINDOWS;C:\WINDOWS\System32\Wbem;C:\WINDOWS\System32\WindowsPowerShell\v1.0\;C:\Program Files (x86)\Intel\Intel(R) Management Engine Components\DAL;C:\Program Files\Intel\Intel(R) Management Engine Components\DAL;C:\Program Files (x86)\Intel\Intel(R) Management Engine Components\IPT;C:\Program Files\Intel\Intel(R) Management Engine Components\IPT;C:\Program Files\TortoiseSVN\bin;C:\Users\Programming\AppData\Local\Microsoft\WindowsApps;;C:\WINDOWS\System32;
USERNAME=Programming
OS=Windows_NT
PROCESSOR_IDENTIFIER=Intel64 Family 6 Model 142 Stepping 9, GenuineIntel



---------------  S Y S T E M  ---------------

OS: Windows 10.0 , 64 bit Build 16299 (10.0.16299.15)

CPU:total 4 (initial active 4) (2 cores per cpu, 2 threads per core) family 6 model 142 stepping 9, cmov, cx8, fxsr, mmx, sse, sse2, sse3, ssse3, sse4.1, sse4.2, popcnt, avx, avx2, aes, clmul, erms, 3dnowpref, lzcnt, ht, tsc, tscinvbit, bmi1, bmi2, adx

Memory: 4k page, physical 4059364k(372328k free), swap 16642276k(6724k free)

vm_info: Java HotSpot(TM) 64-Bit Server VM (25.144-b01) for windows-amd64 JRE (1.8.0_144-b01), built on Jul 21 2017 21:57:33 by "java_re" with MS VC++ 10.0 (VS2010)

time: Thu Apr 19 15:06:31 2018
elapsed time: 6 seconds (0d 0h 0m 6s)

