#
# There is insufficient memory for the Java Runtime Environment to continue.
# Native memory allocation (malloc) failed to allocate 131088 bytes for Chunk::new
# Possible reasons:
#   The system is out of physical RAM or swap space
#   In 32 bit mode, the process size limit was hit
# Possible solutions:
#   Reduce memory load on the system
#   Increase physical memory or swap space
#   Check if swap backing store is full
#   Use 64 bit Java on a 64 bit OS
#   Decrease Java heap size (-Xmx/-Xms)
#   Decrease number of Java threads
#   Decrease Java thread stack sizes (-Xss)
#   Set larger code cache with -XX:ReservedCodeCacheSize=
# This output file may be truncated or incomplete.
#
#  Out of Memory Error (allocation.cpp:390), pid=9920, tid=0x000000000000080c
#
# JRE version: Java(TM) SE Runtime Environment (8.0_144-b01) (build 1.8.0_144-b01)
# Java VM: Java HotSpot(TM) 64-Bit Server VM (25.144-b01 mixed mode windows-amd64 compressed oops)
# Failed to write core dump. Minidumps are not enabled by default on client versions of Windows
#

---------------  T H R E A D  ---------------

Current thread (0x00000000175d3000):  JavaThread "C2 CompilerThread1" daemon [_thread_in_native, id=2060, stack(0x0000000018e40000,0x0000000018f40000)]

Stack: [0x0000000018e40000,0x0000000018f40000]
[error occurred during error reporting (printing stack bounds), id 0xc0000005]

Native frames: (J=compiled Java code, j=interpreted, Vv=VM code, C=native code)


Current CompileTask:
C2:   5850 2488       4       java.io.WinNTFileSystem::normalize (143 bytes)


---------------  P R O C E S S  ---------------

Java Threads: ( => current thread )
  0x0000000019078800 JavaThread "Service Thread" daemon [_thread_blocked, id=12068, stack(0x0000000019440000,0x0000000019540000)]
  0x00000000175e9000 JavaThread "C1 CompilerThread2" daemon [_thread_blocked, id=10640, stack(0x0000000018f40000,0x0000000019040000)]
=>0x00000000175d3000 JavaThread "C2 CompilerThread1" daemon [_thread_in_native, id=2060, stack(0x0000000018e40000,0x0000000018f40000)]
  0x00000000175d0800 JavaThread "C2 CompilerThread0" daemon [_thread_in_native, id=5296, stack(0x0000000018d40000,0x0000000018e40000)]
  0x00000000175cf000 JavaThread "Attach Listener" daemon [_thread_blocked, id=5632, stack(0x0000000018c40000,0x0000000018d40000)]
  0x00000000175ce000 JavaThread "Signal Dispatcher" daemon [_thread_blocked, id=5908, stack(0x0000000018b40000,0x0000000018c40000)]
  0x000000000502e800 JavaThread "Finalizer" daemon [_thread_blocked, id=6308, stack(0x0000000018850000,0x0000000018950000)]
  0x0000000005025000 JavaThread "Reference Handler" daemon [_thread_blocked, id=8000, stack(0x0000000018750000,0x0000000018850000)]
  0x0000000004f33800 JavaThread "main" [_thread_in_Java, id=3676, stack(0x0000000004d70000,0x0000000004e70000)]

Other Threads:
  0x0000000017597800 VMThread [stack: 0x0000000018650000,0x0000000018750000] [id=4548]
  0x000000001909a800 WatcherThread [stack: 0x0000000019540000,0x0000000019640000] [id=6152]

VM state:not at safepoint (normal execution)

VM Mutex/Monitor currently owned by a thread: None

Heap:
 PSYoungGen      total 34304K, used 29149K [0x00000000eb580000, 0x00000000ed980000, 0x0000000100000000)
  eden space 31744K, 83% used [0x00000000eb580000,0x00000000ecf7f570,0x00000000ed480000)
  from space 2560K, 98% used [0x00000000ed700000,0x00000000ed978020,0x00000000ed980000)
  to   space 2560K, 0% used [0x00000000ed480000,0x00000000ed480000,0x00000000ed700000)
 ParOldGen       total 42496K, used 10619K [0x00000000c2000000, 0x00000000c4980000, 0x00000000eb580000)
  object space 42496K, 24% used [0x00000000c2000000,0x00000000c2a5ed80,0x00000000c4980000)
 Metaspace       used 16075K, capacity 16296K, committed 16512K, reserved 1064960K
  class space    used 1769K, capacity 1848K, committed 1920K, reserved 1048576K

Card table byte_map: [0x00000000143f0000,0x00000000145f0000] byte_map_base: 0x0000000013de0000

Marking Bits: (ParMarkBitMap*) 0x0000000071abd850
 Begin Bits: [0x0000000014b40000, 0x0000000015ac0000)
 End Bits:   [0x0000000015ac0000, 0x0000000016a40000)

Polling page: 0x0000000003660000

CodeCache: size=245760Kb used=9329Kb max_used=9343Kb free=236430Kb
 bounds [0x0000000005030000, 0x0000000005960000, 0x0000000014030000]
 total_blobs=2851 nmethods=2487 adapters=275
 compilation: enabled

Compilation events (10 events):
Event: 5.801 Thread 0x00000000175e9000 2487       3       java.util.Date::getCalendarSystem (31 bytes)
Event: 5.802 Thread 0x00000000175e9000 nmethod 2487 0x000000000594f150 code [0x000000000594f300, 0x000000000594fa28]
Event: 5.806 Thread 0x00000000175e9000 2489       3       org.apache.tools.ant.types.resources.FileResource::getNotNullFile (26 bytes)
Event: 5.807 Thread 0x00000000175e9000 nmethod 2489 0x000000000594fc50 code [0x000000000594fe60, 0x0000000005950ab8]
Event: 5.808 Thread 0x00000000175e9000 2490       3       java.io.File::lastModified (33 bytes)
Event: 5.809 Thread 0x00000000175e9000 nmethod 2490 0x0000000005950f90 code [0x0000000005951120, 0x0000000005951548]
Event: 5.811 Thread 0x00000000175e9000 2492       3       java.lang.Long::<init> (10 bytes)
Event: 5.811 Thread 0x00000000175e9000 nmethod 2492 0x0000000005951a50 code [0x0000000005951bc0, 0x0000000005951dd0]
Event: 5.818 Thread 0x00000000175d3000 nmethod 2472 0x0000000005955890 code [0x0000000005955a40, 0x00000000059567a8]
Event: 5.818 Thread 0x00000000175d3000 2488       4       java.io.WinNTFileSystem::normalize (143 bytes)

GC Heap History (8 events):
Event: 0.884 GC heap before
{Heap before GC invocations=1 (full 0):
 PSYoungGen      total 18432K, used 15872K [0x00000000eb580000, 0x00000000eca00000, 0x0000000100000000)
  eden space 15872K, 100% used [0x00000000eb580000,0x00000000ec500000,0x00000000ec500000)
  from space 2560K, 0% used [0x00000000ec780000,0x00000000ec780000,0x00000000eca00000)
  to   space 2560K, 0% used [0x00000000ec500000,0x00000000ec500000,0x00000000ec780000)
 ParOldGen       total 42496K, used 0K [0x00000000c2000000, 0x00000000c4980000, 0x00000000eb580000)
  object space 42496K, 0% used [0x00000000c2000000,0x00000000c2000000,0x00000000c4980000)
 Metaspace       used 6772K, capacity 6858K, committed 6912K, reserved 1056768K
  class space    used 726K, capacity 753K, committed 768K, reserved 1048576K
Event: 0.890 GC heap after
Heap after GC invocations=1 (full 0):
 PSYoungGen      total 18432K, used 2528K [0x00000000eb580000, 0x00000000eca00000, 0x0000000100000000)
  eden space 15872K, 0% used [0x00000000eb580000,0x00000000eb580000,0x00000000ec500000)
  from space 2560K, 98% used [0x00000000ec500000,0x00000000ec778020,0x00000000ec780000)
  to   space 2560K, 0% used [0x00000000ec780000,0x00000000ec780000,0x00000000eca00000)
 ParOldGen       total 42496K, used 1122K [0x00000000c2000000, 0x00000000c4980000, 0x00000000eb580000)
  object space 42496K, 2% used [0x00000000c2000000,0x00000000c2118b10,0x00000000c4980000)
 Metaspace       used 6772K, capacity 6858K, committed 6912K, reserved 1056768K
  class space    used 726K, capacity 753K, committed 768K, reserved 1048576K
}
Event: 1.537 GC heap before
{Heap before GC invocations=2 (full 0):
 PSYoungGen      total 18432K, used 18400K [0x00000000eb580000, 0x00000000eca00000, 0x0000000100000000)
  eden space 15872K, 100% used [0x00000000eb580000,0x00000000ec500000,0x00000000ec500000)
  from space 2560K, 98% used [0x00000000ec500000,0x00000000ec778020,0x00000000ec780000)
  to   space 2560K, 0% used [0x00000000ec780000,0x00000000ec780000,0x00000000eca00000)
 ParOldGen       total 42496K, used 1122K [0x00000000c2000000, 0x00000000c4980000, 0x00000000eb580000)
  object space 42496K, 2% used [0x00000000c2000000,0x00000000c2118b10,0x00000000c4980000)
 Metaspace       used 8872K, capacity 9112K, committed 9216K, reserved 1056768K
  class space    used 939K, capacity 1010K, committed 1024K, reserved 1048576K
Event: 1.547 GC heap after
Heap after GC invocations=2 (full 0):
 PSYoungGen      total 18432K, used 2544K [0x00000000eb580000, 0x00000000ed980000, 0x0000000100000000)
  eden space 15872K, 0% used [0x00000000eb580000,0x00000000eb580000,0x00000000ec500000)
  from space 2560K, 99% used [0x00000000ec780000,0x00000000ec9fc030,0x00000000eca00000)
  to   space 2560K, 0% used [0x00000000ec500000,0x00000000ec500000,0x00000000ec780000)
 ParOldGen       total 42496K, used 3892K [0x00000000c2000000, 0x00000000c4980000, 0x00000000eb580000)
  object space 42496K, 9% used [0x00000000c2000000,0x00000000c23cd380,0x00000000c4980000)
 Metaspace       used 8872K, capacity 9112K, committed 9216K, reserved 1056768K
  class space    used 939K, capacity 1010K, committed 1024K, reserved 1048576K
}
Event: 2.103 GC heap before
{Heap before GC invocations=3 (full 0):
 PSYoungGen      total 18432K, used 18416K [0x00000000eb580000, 0x00000000ed980000, 0x0000000100000000)
  eden space 15872K, 100% used [0x00000000eb580000,0x00000000ec500000,0x00000000ec500000)
  from space 2560K, 99% used [0x00000000ec780000,0x00000000ec9fc030,0x00000000eca00000)
  to   space 2560K, 0% used [0x00000000ec500000,0x00000000ec500000,0x00000000ec780000)
 ParOldGen       total 42496K, used 3892K [0x00000000c2000000, 0x00000000c4980000, 0x00000000eb580000)
  object space 42496K, 9% used [0x00000000c2000000,0x00000000c23cd380,0x00000000c4980000)
 Metaspace       used 11917K, capacity 12194K, committed 12288K, reserved 1060864K
  class space    used 1386K, capacity 1463K, committed 1536K, reserved 1048576K
Event: 2.110 GC heap after
Heap after GC invocations=3 (full 0):
 PSYoungGen      total 18432K, used 2544K [0x00000000eb580000, 0x00000000ed980000, 0x0000000100000000)
  eden space 15872K, 0% used [0x00000000eb580000,0x00000000eb580000,0x00000000ec500000)
  from space 2560K, 99% used [0x00000000ec500000,0x00000000ec77c030,0x00000000ec780000)
  to   space 2560K, 0% used [0x00000000ed700000,0x00000000ed700000,0x00000000ed980000)
 ParOldGen       total 42496K, used 5308K [0x00000000c2000000, 0x00000000c4980000, 0x00000000eb580000)
  object space 42496K, 12% used [0x00000000c2000000,0x00000000c252f2a0,0x00000000c4980000)
 Metaspace       used 11917K, capacity 12194K, committed 12288K, reserved 1060864K
  class space    used 1386K, capacity 1463K, committed 1536K, reserved 1048576K
}
Event: 2.522 GC heap before
{Heap before GC invocations=4 (full 0):
 PSYoungGen      total 18432K, used 18416K [0x00000000eb580000, 0x00000000ed980000, 0x0000000100000000)
  eden space 15872K, 100% used [0x00000000eb580000,0x00000000ec500000,0x00000000ec500000)
  from space 2560K, 99% used [0x00000000ec500000,0x00000000ec77c030,0x00000000ec780000)
  to   space 2560K, 0% used [0x00000000ed700000,0x00000000ed700000,0x00000000ed980000)
 ParOldGen       total 42496K, used 5308K [0x00000000c2000000, 0x00000000c4980000, 0x00000000eb580000)
  object space 42496K, 12% used [0x00000000c2000000,0x00000000c252f2a0,0x00000000c4980000)
 Metaspace       used 13773K, capacity 13986K, committed 14208K, reserved 1062912K
  class space    used 1580K, capacity 1655K, committed 1664K, reserved 1048576K
Event: 2.534 GC heap after
Heap after GC invocations=4 (full 0):
 PSYoungGen      total 34304K, used 2528K [0x00000000eb580000, 0x00000000ed980000, 0x0000000100000000)
  eden space 31744K, 0% used [0x00000000eb580000,0x00000000eb580000,0x00000000ed480000)
  from space 2560K, 98% used [0x00000000ed700000,0x00000000ed978020,0x00000000ed980000)
  to   space 2560K, 0% used [0x00000000ed480000,0x00000000ed480000,0x00000000ed700000)
 ParOldGen       total 42496K, used 10619K [0x00000000c2000000, 0x00000000c4980000, 0x00000000eb580000)
  object space 42496K, 24% used [0x00000000c2000000,0x00000000c2a5ed80,0x00000000c4980000)
 Metaspace       used 13773K, capacity 13986K, committed 14208K, reserved 1062912K
  class space    used 1580K, capacity 1655K, committed 1664K, reserved 1048576K
}

Deoptimization events (10 events):
Event: 2.921 Thread 0x0000000004f33800 Uncommon trap: reason=class_check action=maybe_recompile pc=0x000000000548c1a8 method=java.util.HashMap.putVal(ILjava/lang/Object;Ljava/lang/Object;ZZ)Ljava/lang/Object; @ 253
Event: 2.925 Thread 0x0000000004f33800 Uncommon trap: reason=class_check action=maybe_recompile pc=0x000000000548c1a8 method=java.util.HashMap.putVal(ILjava/lang/Object;Ljava/lang/Object;ZZ)Ljava/lang/Object; @ 253
Event: 2.929 Thread 0x0000000004f33800 Uncommon trap: reason=unstable_if action=reinterpret pc=0x0000000005651cc8 method=com.sun.tools.javac.code.Scope.enter(Lcom/sun/tools/javac/code/Symbol;Lcom/sun/tools/javac/code/Scope;Lcom/sun/tools/javac/code/Scope;Z)V @ 116
Event: 3.069 Thread 0x0000000004f33800 Uncommon trap: reason=unstable_if action=reinterpret pc=0x00000000055c9e68 method=com.sun.tools.javac.code.Scope.getIndex(Lcom/sun/tools/javac/util/Name;)I @ 60
Event: 3.799 Thread 0x0000000004f33800 Uncommon trap: reason=unstable_if action=reinterpret pc=0x0000000005263984 method=java.util.HashMap.hash(Ljava/lang/Object;)I @ 1
Event: 3.799 Thread 0x0000000004f33800 Uncommon trap: reason=unstable_if action=reinterpret pc=0x00000000051a5028 method=java.util.HashMap.hash(Ljava/lang/Object;)I @ 1
Event: 4.104 Thread 0x0000000004f33800 Uncommon trap: reason=unstable_if action=reinterpret pc=0x00000000058c374c method=java.util.HashMap.getNode(ILjava/lang/Object;)Ljava/util/HashMap$Node; @ 62
Event: 4.104 Thread 0x0000000004f33800 Uncommon trap: reason=unstable_if action=reinterpret pc=0x0000000005668764 method=java.util.HashMap.putVal(ILjava/lang/Object;Ljava/lang/Object;ZZ)Ljava/lang/Object; @ 94
Event: 4.277 Thread 0x0000000004f33800 Uncommon trap: reason=unstable_if action=reinterpret pc=0x00000000057f9774 method=java.util.ArrayList.toArray([Ljava/lang/Object;)[Ljava/lang/Object; @ 6
Event: 5.781 Thread 0x0000000004f33800 Uncommon trap: reason=unstable_if action=reinterpret pc=0x00000000052eb0f0 method=java.util.Date.normalize()Lsun/util/calendar/BaseCalendar$Date; @ 45

Internal exceptions (10 events):
Event: 1.489 Thread 0x0000000004f33800 Exception <a 'java/lang/ClassNotFoundException': sun/net/www/protocol/c/Handler> (0x00000000ec16b0f8) thrown at [C:\re\workspace\8-2-build-windows-amd64-cygwin\jdk8u144\9417\hotspot\src\share\vm\classfile\systemDictionary.cpp, line 210]
Event: 1.490 Thread 0x0000000004f33800 Exception <a 'java/lang/ClassNotFoundException': org/apache/tools/ant/AntClassLoader> (0x00000000ec171168) thrown at [C:\re\workspace\8-2-build-windows-amd64-cygwin\jdk8u144\9417\hotspot\src\share\vm\classfile\systemDictionary.cpp, line 210]
Event: 1.490 Thread 0x0000000004f33800 Exception <a 'java/lang/ClassNotFoundException': org/apache/tools/ant/AntClassLoader> (0x00000000ec176528) thrown at [C:\re\workspace\8-2-build-windows-amd64-cygwin\jdk8u144\9417\hotspot\src\share\vm\classfile\systemDictionary.cpp, line 210]
Event: 1.490 Thread 0x0000000004f33800 Exception <a 'java/lang/ClassNotFoundException': org/apache/tools/ant/AntClassLoader> (0x00000000ec176cb8) thrown at [C:\re\workspace\8-2-build-windows-amd64-cygwin\jdk8u144\9417\hotspot\src\share\vm\classfile\systemDictionary.cpp, line 210]
Event: 1.490 Thread 0x0000000004f33800 Exception <a 'java/lang/ClassNotFoundException': org/apache/tools/ant/AntClassLoader> (0x00000000ec178400) thrown at [C:\re\workspace\8-2-build-windows-amd64-cygwin\jdk8u144\9417\hotspot\src\share\vm\classfile\systemDictionary.cpp, line 210]
Event: 1.581 Thread 0x0000000004f33800 Exception <a 'java/io/FileNotFoundException'> (0x00000000eb6144b8) thrown at [C:\re\workspace\8-2-build-windows-amd64-cygwin\jdk8u144\9417\hotspot\src\share\vm\prims\jni.cpp, line 709]
Event: 2.495 Thread 0x0000000004f33800 Exception <a 'java/io/FileNotFoundException'> (0x00000000ec2ffe40) thrown at [C:\re\workspace\8-2-build-windows-amd64-cygwin\jdk8u144\9417\hotspot\src\share\vm\prims\jni.cpp, line 709]
Event: 2.499 Thread 0x0000000004f33800 Exception <a 'java/io/FileNotFoundException'> (0x00000000ec337ae0) thrown at [C:\re\workspace\8-2-build-windows-amd64-cygwin\jdk8u144\9417\hotspot\src\share\vm\prims\jni.cpp, line 709]
Event: 3.799 Thread 0x0000000004f33800 Implicit null exception at 0x0000000005263755 to 0x0000000005263975
Event: 3.799 Thread 0x0000000004f33800 Implicit null exception at 0x00000000051a4faf to 0x00000000051a5019

Events (10 events):
Event: 5.801 loading class java/util/TreeMap$KeySet
Event: 5.801 loading class java/util/NavigableSet
Event: 5.802 loading class java/util/SortedSet
Event: 5.802 loading class java/util/SortedSet done
Event: 5.802 loading class java/util/NavigableSet done
Event: 5.802 loading class java/util/TreeMap$KeySet done
Event: 5.802 loading class java/util/TreeMap$KeyIterator
Event: 5.802 loading class java/util/TreeMap$PrivateEntryIterator
Event: 5.802 loading class java/util/TreeMap$PrivateEntryIterator done
Event: 5.802 loading class java/util/TreeMap$KeyIterator done


Dynamic libraries:
0x00007ff737570000 - 0x00007ff7375a7000 	C:\Program Files\Java\jdk1.8.0_144\bin\javaw.exe
0x00007fff45c70000 - 0x00007fff45e50000 	C:\WINDOWS\SYSTEM32\ntdll.dll
0x00007fff435e0000 - 0x00007fff4368e000 	C:\WINDOWS\System32\KERNEL32.DLL
0x00007fff42460000 - 0x00007fff426c6000 	C:\WINDOWS\System32\KERNELBASE.dll
0x00007fff44e60000 - 0x00007fff44f01000 	C:\WINDOWS\System32\ADVAPI32.dll
0x00007fff438c0000 - 0x00007fff4395d000 	C:\WINDOWS\System32\msvcrt.dll
0x00007fff44f10000 - 0x00007fff44f6b000 	C:\WINDOWS\System32\sechost.dll
0x00007fff43690000 - 0x00007fff437af000 	C:\WINDOWS\System32\RPCRT4.dll
0x00007fff43450000 - 0x00007fff435df000 	C:\WINDOWS\System32\USER32.dll
0x00007fff420d0000 - 0x00007fff420f0000 	C:\WINDOWS\System32\win32u.dll
0x00007fff453d0000 - 0x00007fff453f8000 	C:\WINDOWS\System32\GDI32.dll
0x00007fff422c0000 - 0x00007fff42453000 	C:\WINDOWS\System32\gdi32full.dll
0x00007fff428a0000 - 0x00007fff4293b000 	C:\WINDOWS\System32\msvcp_win.dll
0x00007fff421c0000 - 0x00007fff422b6000 	C:\WINDOWS\System32\ucrtbase.dll
0x00007fff2e690000 - 0x00007fff2e8f9000 	C:\WINDOWS\WinSxS\amd64_microsoft.windows.common-controls_6595b64144ccf1df_6.0.16299.309_none_15cfd4c4935e6b11\COMCTL32.dll
0x00007fff43140000 - 0x00007fff43448000 	C:\WINDOWS\System32\combase.dll
0x00007fff420f0000 - 0x00007fff42162000 	C:\WINDOWS\System32\bcryptPrimitives.dll
0x00007fff45c10000 - 0x00007fff45c3d000 	C:\WINDOWS\System32\IMM32.DLL
0x0000000071b40000 - 0x0000000071c12000 	C:\Program Files\Java\jdk1.8.0_144\jre\bin\msvcr100.dll
0x00000000712a0000 - 0x0000000071b3d000 	C:\Program Files\Java\jdk1.8.0_144\jre\bin\server\jvm.dll
0x00007fff45be0000 - 0x00007fff45be8000 	C:\WINDOWS\System32\PSAPI.DLL
0x00007fff3ed40000 - 0x00007fff3ed49000 	C:\WINDOWS\SYSTEM32\WSOCK32.dll
0x00007fff452d0000 - 0x00007fff4533c000 	C:\WINDOWS\System32\WS2_32.dll
0x00007fff3fe30000 - 0x00007fff3fe53000 	C:\WINDOWS\SYSTEM32\WINMM.dll
0x00007fff37290000 - 0x00007fff3729a000 	C:\WINDOWS\SYSTEM32\VERSION.dll
0x00007fff3fdd0000 - 0x00007fff3fdfa000 	C:\WINDOWS\SYSTEM32\WINMMBASE.dll
0x00007fff42170000 - 0x00007fff421ba000 	C:\WINDOWS\System32\cfgmgr32.dll
0x0000000073740000 - 0x000000007374f000 	C:\Program Files\Java\jdk1.8.0_144\jre\bin\verify.dll
0x0000000071270000 - 0x0000000071299000 	C:\Program Files\Java\jdk1.8.0_144\jre\bin\java.dll
0x0000000071250000 - 0x0000000071266000 	C:\Program Files\Java\jdk1.8.0_144\jre\bin\zip.dll
0x00007fff43a20000 - 0x00007fff44e56000 	C:\WINDOWS\System32\SHELL32.dll
0x00007fff437b0000 - 0x00007fff43856000 	C:\WINDOWS\System32\shcore.dll
0x00007fff429f0000 - 0x00007fff43137000 	C:\WINDOWS\System32\windows.storage.dll
0x00007fff43960000 - 0x00007fff439b1000 	C:\WINDOWS\System32\shlwapi.dll
0x00007fff42050000 - 0x00007fff42061000 	C:\WINDOWS\System32\kernel.appcore.dll
0x00007fff42000000 - 0x00007fff4204c000 	C:\WINDOWS\System32\powrprof.dll
0x00007fff41fc0000 - 0x00007fff41fdb000 	C:\WINDOWS\System32\profapi.dll
0x0000000071230000 - 0x000000007124a000 	C:\Program Files\Java\jdk1.8.0_144\jre\bin\net.dll
0x00007fff41850000 - 0x00007fff418b6000 	C:\WINDOWS\system32\mswsock.dll
0x0000000071210000 - 0x0000000071221000 	C:\Program Files\Java\jdk1.8.0_144\jre\bin\nio.dll

VM Arguments:
jvm_args: -Dant.home=C:\Users\Programming\.p2\pool\plugins\org.apache.ant_1.10.1.v20170504-0840 -Dant.library.dir=C:\Users\Programming\.p2\pool\plugins\org.apache.ant_1.10.1.v20170504-0840\lib -Djava.library.path=C:\Users\Programming\eclipse\java-oxygen\eclipse;C:\WINDOWS\Sun\Java\bin;C:\WINDOWS\system32;C:\WINDOWS;C:/Program Files/Java/jre1.8.0_144/bin/server;C:/Program Files/Java/jre1.8.0_144/bin;C:/Program Files/Java/jre1.8.0_144/lib/amd64;C:\Program Files (x86)\Intel\iCLS Client\;C:\Program Files\Intel\iCLS Client\;C:\WINDOWS\system32;C:\WINDOWS;C:\WINDOWS\System32\Wbem;C:\WINDOWS\System32\WindowsPowerShell\v1.0\;C:\Program Files (x86)\Intel\Intel(R) Management Engine Components\DAL;C:\Program Files\Intel\Intel(R) Management Engine Components\DAL;C:\Program Files (x86)\Intel\Intel(R) Management Engine Components\IPT;C:\Program Files\Intel\Intel(R) Management Engine Components\IPT;C:\Program Files\TortoiseSVN\bin;C:\Users\Programming\AppData\Local\Microsoft\WindowsApps;;C:\WINDOWS\System32;;.;C:\Users\Programming\eclipse\java-oxygen\eclipse\configuration\org.eclipse.osgi\983\0\.cp -Dfile.encoding=UTF-8 
java_command: org.eclipse.ant.internal.launching.remote.InternalAntRunner -Dorg.eclipse.ant.core.ANT_PROCESS_ID=1524175599933 -Declipse.connect.port=57873 -Dant.home=C:\Users\Programming\.p2\pool\plugins\org.apache.ant_1.10.1.v20170504-0840 -logger org.eclipse.ant.internal.launching.remote.logger.RemoteAntBuildLogger -inputhandler org.eclipse.ant.internal.ui.antsupport.inputhandler.ProxyInputHandler -buildfile C:\Users\Programming\Desktop\2637repositoryClone\Team-2637-Power-Up\Team-2637-PowerUp\build.xml
java_class_path (initial): C:\Program Files\Java\jdk1.8.0_144\jre\lib\resources.jar;C:\Program Files\Java\jdk1.8.0_144\jre\lib\rt.jar;C:\Program Files\Java\jdk1.8.0_144\jre\lib\jsse.jar;C:\Program Files\Java\jdk1.8.0_144\jre\lib\jce.jar;C:\Program Files\Java\jdk1.8.0_144\jre\lib\charsets.jar;C:\Program Files\Java\jdk1.8.0_144\jre\lib\jfr.jar;C:\Program Files\Java\jdk1.8.0_144\jre\lib\ext\access-bridge-64.jar;C:\Program Files\Java\jdk1.8.0_144\jre\lib\ext\cldrdata.jar;C:\Program Files\Java\jdk1.8.0_144\jre\lib\ext\dnsns.jar;C:\Program Files\Java\jdk1.8.0_144\jre\lib\ext\jaccess.jar;C:\Program Files\Java\jdk1.8.0_144\jre\lib\ext\jfxrt.jar;C:\Program Files\Java\jdk1.8.0_144\jre\lib\ext\localedata.jar;C:\Program Files\Java\jdk1.8.0_144\jre\lib\ext\nashorn.jar;C:\Program Files\Java\jdk1.8.0_144\jre\lib\ext\sunec.jar;C:\Program Files\Java\jdk1.8.0_144\jre\lib\ext\sunjce_provider.jar;C:\Program Files\Java\jdk1.8.0_144\jre\lib\ext\sunmscapi.jar;C:\Program Files\Java\jdk1.8.0_144\jre\lib\ext\sunpkcs11.jar;C:\Program Files\Java\jdk1.8.0_144\jre\lib\ext\zipfs.jar;C:\Users\Programming\.p2\pool\plugins\org.apache.ant_1.10.1.v20170504-0840\lib\ant-antlr.jar;C:\Users\Programming\.p2\pool\plugins\org.apache.ant_1.10.1.v20170504-0840\lib\ant-apache-bcel.jar;C:\Users\Programming\.p2\pool\plugins\org.apache.ant_1.10.1.v20170504-0840\lib\ant-apache-bsf.jar;C:\Users\Programming\.p2\pool\plugins\org.apache.ant_1.10.1.v20170504-0840\lib\ant-apache-log4j.jar;C:\Users\Programming\.p2\pool\plugins\org.apache.ant_1.10.1.v20170504-0840\lib\ant-apache-oro.jar;C:\Users\Programming\.p2\pool\plugins\org.apache.ant_1.10.1.v20170504-0840\lib\ant-apache-regexp.jar;C:\Users\Programming\.p2\pool\plugins\org.apache.ant_1.10.1.v20170504-0840\lib\ant-apache-resolver.jar;C:\Users\Programming\.p2\pool\plugins\org.apache.ant_1.10.1.v20170504-0840\lib\ant-apache-xalan2.jar;C:\Users\Programming\.p2\pool\plugins\org.apache.ant_1.10.1.v20170504-0840\lib\ant-commons-logging.jar;C:\Users\Programming\.p2\pool\plu
Launcher Type: SUN_STANDARD

Environment Variables:
PATH=C:/Program Files/Java/jre1.8.0_144/bin/server;C:/Program Files/Java/jre1.8.0_144/bin;C:/Program Files/Java/jre1.8.0_144/lib/amd64;C:\Program Files (x86)\Intel\iCLS Client\;C:\Program Files\Intel\iCLS Client\;C:\WINDOWS\system32;C:\WINDOWS;C:\WINDOWS\System32\Wbem;C:\WINDOWS\System32\WindowsPowerShell\v1.0\;C:\Program Files (x86)\Intel\Intel(R) Management Engine Components\DAL;C:\Program Files\Intel\Intel(R) Management Engine Components\DAL;C:\Program Files (x86)\Intel\Intel(R) Management Engine Components\IPT;C:\Program Files\Intel\Intel(R) Management Engine Components\IPT;C:\Program Files\TortoiseSVN\bin;C:\Users\Programming\AppData\Local\Microsoft\WindowsApps;;C:\WINDOWS\System32;
USERNAME=Programming
OS=Windows_NT
PROCESSOR_IDENTIFIER=Intel64 Family 6 Model 142 Stepping 9, GenuineIntel



---------------  S Y S T E M  ---------------

OS: Windows 10.0 , 64 bit Build 16299 (10.0.16299.15)

CPU:total 4 (initial active 4) (2 cores per cpu, 2 threads per core) family 6 model 142 stepping 9, cmov, cx8, fxsr, mmx, sse, sse2, sse3, ssse3, sse4.1, sse4.2, popcnt, avx, avx2, aes, clmul, erms, 3dnowpref, lzcnt, ht, tsc, tscinvbit, bmi1, bmi2, adx

Memory: 4k page, physical 4059364k(384984k free), swap 16642276k(4516k free)

vm_info: Java HotSpot(TM) 64-Bit Server VM (25.144-b01) for windows-amd64 JRE (1.8.0_144-b01), built on Jul 21 2017 21:57:33 by "java_re" with MS VC++ 10.0 (VS2010)

time: Thu Apr 19 15:06:45 2018
elapsed time: 5 seconds (0d 0h 0m 5s)

